#! /usr/local/Cellar/icarus-verilog/10.2_1/bin/vvp
:ivl_version "10.2 (stable)" "(v10_2)";
:ivl_delay_selection "TYPICAL";
:vpi_time_precision - 1;
:vpi_module "system";
:vpi_module "vhdl_sys";
:vpi_module "v2005_math";
:vpi_module "va_math";
S_0x7f8e44d00080 .scope module, "MUX8to1_tb" "MUX8to1_tb" 2 4;
 .timescale 0 -1;
v0x7f8e44d1f560_0 .var "a", 0 0;
v0x7f8e44d1f5f0_0 .var "b", 0 0;
v0x7f8e44d1f680_0 .var "c", 0 0;
v0x7f8e44d1f710_0 .var "d", 0 0;
v0x7f8e44d1f7c0_0 .var "e", 0 0;
v0x7f8e44d1f890_0 .var "f", 0 0;
v0x7f8e44d1f940_0 .var "g", 0 0;
v0x7f8e44d1f9d0_0 .var "h", 0 0;
v0x7f8e44d1fa80_0 .var "s0", 0 0;
v0x7f8e44d1fbb0_0 .var "s1", 0 0;
v0x7f8e44d1fc40_0 .var "s2", 0 0;
v0x7f8e44d1fcd0_0 .net "y", 0 0, v0x7f8e44d1f3a0_0;  1 drivers
S_0x7f8e44d0ef30 .scope module, "myMUX" "MUX8to1" 2 18, 3 1 0, S_0x7f8e44d00080;
 .timescale 0 -1;
    .port_info 0 /INPUT 1 "s0"
    .port_info 1 /INPUT 1 "s1"
    .port_info 2 /INPUT 1 "s2"
    .port_info 3 /INPUT 1 "a"
    .port_info 4 /INPUT 1 "b"
    .port_info 5 /INPUT 1 "c"
    .port_info 6 /INPUT 1 "d"
    .port_info 7 /INPUT 1 "e"
    .port_info 8 /INPUT 1 "f"
    .port_info 9 /INPUT 1 "g"
    .port_info 10 /INPUT 1 "h"
    .port_info 11 /OUTPUT 1 "y"
v0x7f8e44d00240_0 .net "a", 0 0, v0x7f8e44d1f560_0;  1 drivers
v0x7f8e44d1ecd0_0 .net "b", 0 0, v0x7f8e44d1f5f0_0;  1 drivers
v0x7f8e44d1ed70_0 .net "c", 0 0, v0x7f8e44d1f680_0;  1 drivers
v0x7f8e44d1ee00_0 .net "d", 0 0, v0x7f8e44d1f710_0;  1 drivers
v0x7f8e44d1eea0_0 .net "e", 0 0, v0x7f8e44d1f7c0_0;  1 drivers
v0x7f8e44d1ef80_0 .net "f", 0 0, v0x7f8e44d1f890_0;  1 drivers
v0x7f8e44d1f020_0 .net "g", 0 0, v0x7f8e44d1f940_0;  1 drivers
v0x7f8e44d1f0c0_0 .net "h", 0 0, v0x7f8e44d1f9d0_0;  1 drivers
v0x7f8e44d1f160_0 .net "s0", 0 0, v0x7f8e44d1fa80_0;  1 drivers
v0x7f8e44d1f270_0 .net "s1", 0 0, v0x7f8e44d1fbb0_0;  1 drivers
v0x7f8e44d1f300_0 .net "s2", 0 0, v0x7f8e44d1fc40_0;  1 drivers
v0x7f8e44d1f3a0_0 .var "y", 0 0;
E_0x7f8e44d0ef00 .event edge, v0x7f8e44d1f300_0, v0x7f8e44d1f270_0;
    .scope S_0x7f8e44d0ef30;
T_0 ;
    %wait E_0x7f8e44d0ef00;
    %load/vec4 v0x7f8e44d1f160_0;
    %load/vec4 v0x7f8e44d1f270_0;
    %concat/vec4; draw_concat_vec4
    %load/vec4 v0x7f8e44d1f300_0;
    %concat/vec4; draw_concat_vec4
    %dup/vec4;
    %pushi/vec4 0, 0, 3;
    %cmp/u;
    %jmp/1 T_0.0, 6;
    %dup/vec4;
    %pushi/vec4 1, 0, 3;
    %cmp/u;
    %jmp/1 T_0.1, 6;
    %dup/vec4;
    %pushi/vec4 2, 0, 3;
    %cmp/u;
    %jmp/1 T_0.2, 6;
    %dup/vec4;
    %pushi/vec4 3, 0, 3;
    %cmp/u;
    %jmp/1 T_0.3, 6;
    %dup/vec4;
    %pushi/vec4 4, 0, 3;
    %cmp/u;
    %jmp/1 T_0.4, 6;
    %dup/vec4;
    %pushi/vec4 5, 0, 3;
    %cmp/u;
    %jmp/1 T_0.5, 6;
    %dup/vec4;
    %pushi/vec4 6, 0, 3;
    %cmp/u;
    %jmp/1 T_0.6, 6;
    %dup/vec4;
    %pushi/vec4 7, 0, 3;
    %cmp/u;
    %jmp/1 T_0.7, 6;
    %pushi/vec4 0, 0, 1;
    %cassign/vec4 v0x7f8e44d1f3a0_0;
    %jmp T_0.9;
T_0.0 ;
    %load/vec4 v0x7f8e44d00240_0;
    %cassign/vec4 v0x7f8e44d1f3a0_0;
    %cassign/link v0x7f8e44d1f3a0_0, v0x7f8e44d00240_0;
    %jmp T_0.9;
T_0.1 ;
    %load/vec4 v0x7f8e44d1ecd0_0;
    %cassign/vec4 v0x7f8e44d1f3a0_0;
    %cassign/link v0x7f8e44d1f3a0_0, v0x7f8e44d1ecd0_0;
    %jmp T_0.9;
T_0.2 ;
    %load/vec4 v0x7f8e44d1ed70_0;
    %cassign/vec4 v0x7f8e44d1f3a0_0;
    %cassign/link v0x7f8e44d1f3a0_0, v0x7f8e44d1ed70_0;
    %jmp T_0.9;
T_0.3 ;
    %load/vec4 v0x7f8e44d1ee00_0;
    %cassign/vec4 v0x7f8e44d1f3a0_0;
    %cassign/link v0x7f8e44d1f3a0_0, v0x7f8e44d1ee00_0;
    %jmp T_0.9;
T_0.4 ;
    %load/vec4 v0x7f8e44d1eea0_0;
    %cassign/vec4 v0x7f8e44d1f3a0_0;
    %cassign/link v0x7f8e44d1f3a0_0, v0x7f8e44d1eea0_0;
    %jmp T_0.9;
T_0.5 ;
    %load/vec4 v0x7f8e44d1ef80_0;
    %cassign/vec4 v0x7f8e44d1f3a0_0;
    %cassign/link v0x7f8e44d1f3a0_0, v0x7f8e44d1ef80_0;
    %jmp T_0.9;
T_0.6 ;
    %load/vec4 v0x7f8e44d1f020_0;
    %cassign/vec4 v0x7f8e44d1f3a0_0;
    %cassign/link v0x7f8e44d1f3a0_0, v0x7f8e44d1f020_0;
    %jmp T_0.9;
T_0.7 ;
    %load/vec4 v0x7f8e44d1f0c0_0;
    %cassign/vec4 v0x7f8e44d1f3a0_0;
    %cassign/link v0x7f8e44d1f3a0_0, v0x7f8e44d1f0c0_0;
    %jmp T_0.9;
T_0.9 ;
    %pop/vec4 1;
    %jmp T_0;
    .thread T_0, $push;
    .scope S_0x7f8e44d00080;
T_1 ;
    %pushi/vec4 1, 0, 1;
    %store/vec4 v0x7f8e44d1f560_0, 0, 1;
    %pushi/vec4 0, 0, 1;
    %store/vec4 v0x7f8e44d1f5f0_0, 0, 1;
    %pushi/vec4 1, 0, 1;
    %store/vec4 v0x7f8e44d1f680_0, 0, 1;
    %pushi/vec4 0, 0, 1;
    %store/vec4 v0x7f8e44d1f710_0, 0, 1;
    %pushi/vec4 1, 0, 1;
    %store/vec4 v0x7f8e44d1f7c0_0, 0, 1;
    %pushi/vec4 0, 0, 1;
    %store/vec4 v0x7f8e44d1f890_0, 0, 1;
    %pushi/vec4 1, 0, 1;
    %store/vec4 v0x7f8e44d1f940_0, 0, 1;
    %pushi/vec4 0, 0, 1;
    %store/vec4 v0x7f8e44d1f9d0_0, 0, 1;
    %vpi_call 2 30 "$monitor", "s0 = %b, s1 = %b, s2 = %b, y = %b", v0x7f8e44d1fa80_0, v0x7f8e44d1fbb0_0, v0x7f8e44d1fc40_0, v0x7f8e44d1fcd0_0 {0 0 0};
    %vpi_call 2 31 "$dumpfile", "MUX8to1.vcd" {0 0 0};
    %vpi_call 2 32 "$dumpvars", 32'sb00000000000000000000000000000000, S_0x7f8e44d00080 {0 0 0};
    %pushi/vec4 0, 0, 1;
    %store/vec4 v0x7f8e44d1fa80_0, 0, 1;
    %pushi/vec4 0, 0, 1;
    %store/vec4 v0x7f8e44d1fbb0_0, 0, 1;
    %pushi/vec4 0, 0, 1;
    %store/vec4 v0x7f8e44d1fc40_0, 0, 1;
    %delay 10, 0;
    %pushi/vec4 0, 0, 1;
    %store/vec4 v0x7f8e44d1fa80_0, 0, 1;
    %pushi/vec4 0, 0, 1;
    %store/vec4 v0x7f8e44d1fbb0_0, 0, 1;
    %pushi/vec4 1, 0, 1;
    %store/vec4 v0x7f8e44d1fc40_0, 0, 1;
    %delay 10, 0;
    %pushi/vec4 0, 0, 1;
    %store/vec4 v0x7f8e44d1fa80_0, 0, 1;
    %pushi/vec4 1, 0, 1;
    %store/vec4 v0x7f8e44d1fbb0_0, 0, 1;
    %pushi/vec4 0, 0, 1;
    %store/vec4 v0x7f8e44d1fc40_0, 0, 1;
    %delay 10, 0;
    %pushi/vec4 0, 0, 1;
    %store/vec4 v0x7f8e44d1fa80_0, 0, 1;
    %pushi/vec4 1, 0, 1;
    %store/vec4 v0x7f8e44d1fbb0_0, 0, 1;
    %pushi/vec4 1, 0, 1;
    %store/vec4 v0x7f8e44d1fc40_0, 0, 1;
    %delay 10, 0;
    %pushi/vec4 1, 0, 1;
    %store/vec4 v0x7f8e44d1fa80_0, 0, 1;
    %pushi/vec4 0, 0, 1;
    %store/vec4 v0x7f8e44d1fbb0_0, 0, 1;
    %pushi/vec4 0, 0, 1;
    %store/vec4 v0x7f8e44d1fc40_0, 0, 1;
    %delay 10, 0;
    %pushi/vec4 1, 0, 1;
    %store/vec4 v0x7f8e44d1fa80_0, 0, 1;
    %pushi/vec4 0, 0, 1;
    %store/vec4 v0x7f8e44d1fbb0_0, 0, 1;
    %pushi/vec4 1, 0, 1;
    %store/vec4 v0x7f8e44d1fc40_0, 0, 1;
    %delay 10, 0;
    %pushi/vec4 1, 0, 1;
    %store/vec4 v0x7f8e44d1fa80_0, 0, 1;
    %pushi/vec4 1, 0, 1;
    %store/vec4 v0x7f8e44d1fbb0_0, 0, 1;
    %pushi/vec4 0, 0, 1;
    %store/vec4 v0x7f8e44d1fc40_0, 0, 1;
    %delay 10, 0;
    %pushi/vec4 1, 0, 1;
    %store/vec4 v0x7f8e44d1fa80_0, 0, 1;
    %pushi/vec4 1, 0, 1;
    %store/vec4 v0x7f8e44d1fbb0_0, 0, 1;
    %pushi/vec4 1, 0, 1;
    %store/vec4 v0x7f8e44d1fc40_0, 0, 1;
    %delay 10, 0;
    %vpi_call 2 41 "$finish" {0 0 0};
    %end;
    .thread T_1;
# The file index is used to find the file name in the following table.
:file_names 4;
    "N/A";
    "<interactive>";
    "MUX8to1_tb.v";
    "./MUX8to1.v";
